[2024-10-08T23:37:29.504+0000] {local_task_job_runner.py:120} INFO - ::group::Pre task execution logs
[2024-10-08T23:37:29.544+0000] {taskinstance.py:2076} INFO - Dependencies all met for dep_context=non-requeueable deps ti=<TaskInstance: mlflow_experiment_dag.load_data manual__2024-10-08T23:37:26.131036+00:00 [queued]>
[2024-10-08T23:37:29.552+0000] {taskinstance.py:2076} INFO - Dependencies all met for dep_context=requeueable deps ti=<TaskInstance: mlflow_experiment_dag.load_data manual__2024-10-08T23:37:26.131036+00:00 [queued]>
[2024-10-08T23:37:29.553+0000] {taskinstance.py:2306} INFO - Starting attempt 1 of 2
[2024-10-08T23:37:29.568+0000] {taskinstance.py:2330} INFO - Executing <Task(PythonOperator): load_data> on 2024-10-08 23:37:26.131036+00:00
[2024-10-08T23:37:29.579+0000] {standard_task_runner.py:64} INFO - Started process 566 to run task
[2024-10-08T23:37:29.584+0000] {standard_task_runner.py:90} INFO - Running: ['***', 'tasks', 'run', 'mlflow_experiment_dag', 'load_data', 'manual__2024-10-08T23:37:26.131036+00:00', '--job-id', '3', '--raw', '--subdir', 'DAGS_FOLDER/HW2.py', '--cfg-path', '/tmp/tmp0xmel84k']
[2024-10-08T23:37:29.587+0000] {standard_task_runner.py:91} INFO - Job 3: Subtask load_data
[2024-10-08T23:37:29.634+0000] {task_command.py:426} INFO - Running <TaskInstance: mlflow_experiment_dag.load_data manual__2024-10-08T23:37:26.131036+00:00 [running]> on host 8027b3e99bd6
[2024-10-08T23:37:30.670+0000] {taskinstance.py:2648} INFO - Exporting env vars: AIRFLOW_CTX_DAG_OWNER='Nikita Lapshin' AIRFLOW_CTX_DAG_ID='mlflow_experiment_dag' AIRFLOW_CTX_TASK_ID='load_data' AIRFLOW_CTX_EXECUTION_DATE='2024-10-08T23:37:26.131036+00:00' AIRFLOW_CTX_TRY_NUMBER='1' AIRFLOW_CTX_DAG_RUN_ID='manual__2024-10-08T23:37:26.131036+00:00'
[2024-10-08T23:37:30.671+0000] {taskinstance.py:430} INFO - ::endgroup::
[2024-10-08T23:37:30.700+0000] {_california_housing.py:173} INFO - Downloading Cal. housing from https://ndownloader.figshare.com/files/5976036 to /home/***/scikit_learn_data
[2024-10-08T23:37:33.336+0000] {xcom.py:675} ERROR - Object of type Series is not JSON serializable. If you are using pickle instead of JSON for XCom, then you need to enable pickle support for XCom in your *** config or make sure to decorate your object with attr.
[2024-10-08T23:37:33.358+0000] {taskinstance.py:441} INFO - ::group::Post task execution logs
[2024-10-08T23:37:33.359+0000] {taskinstance.py:2905} ERROR - Task failed with exception
Traceback (most recent call last):
  File "/home/airflow/.local/lib/python3.10/site-packages/airflow/utils/json.py", line 91, in default
    return serialize(o)
  File "/home/airflow/.local/lib/python3.10/site-packages/airflow/serialization/serde.py", line 189, in serialize
    raise TypeError(f"cannot serialize object of type {cls}")
TypeError: cannot serialize object of type <class 'pandas.core.series.Series'>

During handling of the above exception, another exception occurred:

Traceback (most recent call last):
  File "/home/airflow/.local/lib/python3.10/site-packages/airflow/models/taskinstance.py", line 465, in _execute_task
    result = _execute_callable(context=context, **execute_callable_kwargs)
  File "/home/airflow/.local/lib/python3.10/site-packages/airflow/models/taskinstance.py", line 432, in _execute_callable
    return execute_callable(context=context, **execute_callable_kwargs)
  File "/home/airflow/.local/lib/python3.10/site-packages/airflow/models/baseoperator.py", line 401, in wrapper
    return func(self, *args, **kwargs)
  File "/home/airflow/.local/lib/python3.10/site-packages/airflow/operators/python.py", line 235, in execute
    return_value = self.execute_callable()
  File "/home/airflow/.local/lib/python3.10/site-packages/airflow/operators/python.py", line 252, in execute_callable
    return self.python_callable(*self.op_args, **self.op_kwargs)
  File "/opt/airflow/dags/HW2.py", line 22, in load_data
    context['ti'].xcom_push(key='y_train', value=y_train)
  File "/home/airflow/.local/lib/python3.10/site-packages/airflow/utils/session.py", line 79, in wrapper
    return func(*args, session=session, **kwargs)
  File "/home/airflow/.local/lib/python3.10/site-packages/airflow/models/taskinstance.py", line 3197, in xcom_push
    XCom.set(
  File "/home/airflow/.local/lib/python3.10/site-packages/airflow/utils/session.py", line 76, in wrapper
    return func(*args, **kwargs)
  File "/home/airflow/.local/lib/python3.10/site-packages/airflow/models/xcom.py", line 246, in set
    value = cls.serialize_value(
  File "/home/airflow/.local/lib/python3.10/site-packages/airflow/models/xcom.py", line 673, in serialize_value
    return json.dumps(value, cls=XComEncoder).encode("UTF-8")
  File "/usr/local/lib/python3.10/json/__init__.py", line 238, in dumps
    **kw).encode(obj)
  File "/home/airflow/.local/lib/python3.10/site-packages/airflow/utils/json.py", line 104, in encode
    return super().encode(o)
  File "/usr/local/lib/python3.10/json/encoder.py", line 199, in encode
    chunks = self.iterencode(o, _one_shot=True)
  File "/usr/local/lib/python3.10/json/encoder.py", line 257, in iterencode
    return _iterencode(o, 0)
  File "/home/airflow/.local/lib/python3.10/site-packages/airflow/utils/json.py", line 93, in default
    return super().default(o)
  File "/usr/local/lib/python3.10/json/encoder.py", line 179, in default
    raise TypeError(f'Object of type {o.__class__.__name__} '
TypeError: Object of type Series is not JSON serializable
[2024-10-08T23:37:33.381+0000] {taskinstance.py:1206} INFO - Marking task as UP_FOR_RETRY. dag_id=mlflow_experiment_dag, task_id=load_data, run_id=manual__2024-10-08T23:37:26.131036+00:00, execution_date=20241008T233726, start_date=20241008T233729, end_date=20241008T233733
[2024-10-08T23:37:33.396+0000] {standard_task_runner.py:110} ERROR - Failed to execute job 3 for task load_data (Object of type Series is not JSON serializable; 566)
[2024-10-08T23:37:33.441+0000] {local_task_job_runner.py:243} INFO - Task exited with return code 1
[2024-10-08T23:37:34.047+0000] {taskinstance.py:3503} INFO - 0 downstream tasks scheduled from follow-on schedule check
[2024-10-08T23:37:34.069+0000] {local_task_job_runner.py:222} INFO - ::endgroup::
